[INFO] Scanning for projects...
[INFO] 
[INFO] -------------------< com.vivek.jobportal:job-portal >-------------------
[INFO] Building job-portal 0.0.1-SNAPSHOT
[INFO]   from pom.xml
[INFO] --------------------------------[ jar ]---------------------------------
[INFO] 
[INFO] >>> spring-boot:4.0.2:run (default-cli) > test-compile @ job-portal >>>
[INFO] 
[INFO] --- resources:3.3.1:resources (default-resources) @ job-portal ---
[INFO] Copying 3 resources from src\main\resources to target\classes
[INFO] Copying 2 resources from src\main\resources to target\classes
[INFO] 
[INFO] --- compiler:3.14.1:compile (default-compile) @ job-portal ---
[INFO] Nothing to compile - all classes are up to date.
[INFO] 
[INFO] --- resources:3.3.1:testResources (default-testResources) @ job-portal ---
[INFO] Copying 1 resource from src\test\resources to target\test-classes
[INFO] 
[INFO] --- compiler:3.14.1:testCompile (default-testCompile) @ job-portal ---
[INFO] Nothing to compile - all classes are up to date.
[INFO] 
[INFO] <<< spring-boot:4.0.2:run (default-cli) < test-compile @ job-portal <<<
[INFO] 
[INFO] 
[INFO] --- spring-boot:4.0.2:run (default-cli) @ job-portal ---
[INFO] Attaching agents: []

  .   ____          _            __ _ _
 /\\ / ___'_ __ _ _(_)_ __  __ _ \ \ \ \
( ( )\___ | '_ | '_| | '_ \/ _` | \ \ \ \
 \\/  ___)| |_)| | | | | || (_| |  ) ) ) )
  '  |____| .__|_| |_|_| |_\__, | / / / /
 =========|_|==============|___/=/_/_/_/

 :: Spring Boot ::                (v4.0.2)

2026-03-09T19:05:33.343+05:30  INFO 19916 --- [job-portal] [           main] c.vivek.jobportal.JobPortalApplication   : Starting JobPortalApplication using Java 24 with PID 19916 (E:\Job-portal\target\classes started by vivek in E:\Job-portal)
2026-03-09T19:05:33.350+05:30  INFO 19916 --- [job-portal] [           main] c.vivek.jobportal.JobPortalApplication   : The following 1 profile is active: "dev"
2026-03-09T19:05:35.674+05:30  INFO 19916 --- [job-portal] [           main] .s.d.r.c.RepositoryConfigurationDelegate : Bootstrapping Spring Data JPA repositories in DEFAULT mode.
2026-03-09T19:05:35.818+05:30  INFO 19916 --- [job-portal] [           main] .s.d.r.c.RepositoryConfigurationDelegate : Finished Spring Data repository scanning in 114 ms. Found 5 JPA repository interfaces.
2026-03-09T19:05:37.500+05:30  INFO 19916 --- [job-portal] [           main] o.s.boot.tomcat.TomcatWebServer          : Tomcat initialized with port 8081 (http)
2026-03-09T19:05:37.537+05:30  INFO 19916 --- [job-portal] [           main] o.apache.catalina.core.StandardService   : Starting service [Tomcat]
2026-03-09T19:05:37.537+05:30  INFO 19916 --- [job-portal] [           main] o.apache.catalina.core.StandardEngine    : Starting Servlet engine: [Apache Tomcat/11.0.15]
2026-03-09T19:05:37.709+05:30  INFO 19916 --- [job-portal] [           main] b.w.c.s.WebApplicationContextInitializer : Root WebApplicationContext: initialization completed in 4235 ms
2026-03-09T19:05:38.875+05:30  INFO 19916 --- [job-portal] [           main] com.zaxxer.hikari.HikariDataSource       : HikariPool-1 - Starting...
2026-03-09T19:05:39.393+05:30  INFO 19916 --- [job-portal] [           main] com.zaxxer.hikari.pool.HikariPool        : HikariPool-1 - Added connection org.postgresql.jdbc.PgConnection@3265995e
2026-03-09T19:05:39.397+05:30  INFO 19916 --- [job-portal] [           main] com.zaxxer.hikari.HikariDataSource       : HikariPool-1 - Start completed.
2026-03-09T19:05:39.477+05:30  INFO 19916 --- [job-portal] [           main] org.flywaydb.core.FlywayExecutor         : Database: jdbc:postgresql://localhost:5432/job_portal (PostgreSQL 18.2)
2026-03-09T19:05:39.637+05:30  INFO 19916 --- [job-portal] [           main] o.f.c.i.s.JdbcTableSchemaHistory         : Schema history table "public"."flyway_schema_history" does not exist yet
2026-03-09T19:05:39.645+05:30  INFO 19916 --- [job-portal] [           main] o.f.core.internal.command.DbValidate     : Successfully validated 2 migrations (execution time 00:00.058s)
2026-03-09T19:05:39.736+05:30  INFO 19916 --- [job-portal] [           main] o.f.c.i.s.JdbcTableSchemaHistory         : Creating Schema History table "public"."flyway_schema_history" with baseline ...
2026-03-09T19:05:39.881+05:30  INFO 19916 --- [job-portal] [           main] o.f.core.internal.command.DbBaseline     : Successfully baselined schema with version: 1
2026-03-09T19:05:39.924+05:30  INFO 19916 --- [job-portal] [           main] o.f.core.internal.command.DbMigrate      : Current version of schema "public": 1
2026-03-09T19:05:39.940+05:30  INFO 19916 --- [job-portal] [           main] o.f.core.internal.command.DbMigrate      : Migrating schema "public" to version "2 - add refresh tokens"
2026-03-09T19:05:39.950+05:30  WARN 19916 --- [job-portal] [           main] o.f.c.i.s.DefaultSqlScriptExecutor       : DB: relation "refresh_tokens" already exists, skipping (SQL State: 42P07 - Error Code: 0)
2026-03-09T19:05:39.953+05:30  WARN 19916 --- [job-portal] [           main] o.f.c.i.s.DefaultSqlScriptExecutor       : DB: relation "idx_refresh_tokens_user_id" already exists, skipping (SQL State: 42P07 - Error Code: 0)
2026-03-09T19:05:39.955+05:30  WARN 19916 --- [job-portal] [           main] o.f.c.i.s.DefaultSqlScriptExecutor       : DB: relation "idx_refresh_tokens_expires_at" already exists, skipping (SQL State: 42P07 - Error Code: 0)
2026-03-09T19:05:39.978+05:30  INFO 19916 --- [job-portal] [           main] o.f.core.internal.command.DbMigrate      : Successfully applied 1 migration to schema "public", now at version v2 (execution time 00:00.018s)
2026-03-09T19:05:40.162+05:30  INFO 19916 --- [job-portal] [           main] org.hibernate.orm.jpa                    : HHH008540: Processing PersistenceUnitInfo [name: default]
2026-03-09T19:05:40.345+05:30  INFO 19916 --- [job-portal] [           main] org.hibernate.orm.core                   : HHH000001: Hibernate ORM core version 7.2.1.Final
2026-03-09T19:05:41.804+05:30  INFO 19916 --- [job-portal] [           main] o.s.o.j.p.SpringPersistenceUnitInfo      : No LoadTimeWeaver setup: ignoring JPA class transformer
2026-03-09T19:05:41.990+05:30  WARN 19916 --- [job-portal] [           main] org.hibernate.orm.deprecation            : HHH90000025: PostgreSQLDialect does not need to be specified explicitly using 'hibernate.dialect' (remove the property setting and it will be selected by default)
2026-03-09T19:05:42.045+05:30  INFO 19916 --- [job-portal] [           main] org.hibernate.orm.connections.pooling    : HHH10001005: Database info:
	Database JDBC URL [jdbc:postgresql://localhost:5432/job_portal]
	Database driver: PostgreSQL JDBC Driver
	Database dialect: PostgreSQLDialect
	Database version: 18.2
	Default catalog/schema: job_portal/public
	Autocommit mode: undefined/unknown
	Isolation level: READ_COMMITTED [default READ_COMMITTED]
	JDBC fetch size: none
	Pool: DataSourceConnectionProvider
	Minimum pool size: undefined/unknown
	Maximum pool size: undefined/unknown
2026-03-09T19:05:44.418+05:30  INFO 19916 --- [job-portal] [           main] org.hibernate.orm.core                   : HHH000489: No JTA platform available (set 'hibernate.transaction.jta.platform' to enable JTA platform integration)
2026-03-09T19:05:44.569+05:30  INFO 19916 --- [job-portal] [           main] j.LocalContainerEntityManagerFactoryBean : Initialized JPA EntityManagerFactory for persistence unit 'default'
2026-03-09T19:05:44.790+05:30  INFO 19916 --- [job-portal] [           main] o.s.d.j.r.query.QueryEnhancerFactories   : Hibernate is in classpath; If applicable, HQL parser will be used.
2026-03-09T19:05:45.743+05:30  WARN 19916 --- [job-portal] [           main] .s.a.UserDetailsServiceAutoConfiguration : 

Using generated security password: 03a05d65-244d-4f9c-9bbd-63ed8f0506b6

This generated password is for development use only. Your security configuration must be updated before running your application in production.

2026-03-09T19:05:45.763+05:30  INFO 19916 --- [job-portal] [           main] r$InitializeUserDetailsManagerConfigurer : Global AuthenticationManager configured with UserDetailsService bean with name inMemoryUserDetailsManager
2026-03-09T19:05:47.150+05:30  INFO 19916 --- [job-portal] [           main] o.s.b.a.e.web.EndpointLinksResolver      : Exposing 2 endpoints beneath base path '/actuator'
